<?xml version="1.0" encoding="UTF-8"?>
<!-- Generated by org.testng.reporters.JUnitXMLReporter -->
<testsuite hostname="LAPTOP-CUV91TK7" ignored="0" name="Test" tests="1" failures="1" timestamp="2021-10-02T16:45:20 IST" time="14.077" errors="0">
  <testcase name="Lead" time="4.271" classname="com.Vippon.Lead.CreateLeadTest">
    <failure type="java.lang.AssertionError" message="expected [true] but found [false]">
      <![CDATA[java.lang.AssertionError: expected [true] but found [false]
at com.Vippon.GenericLib.WebdriverCommonLib.verify(WebdriverCommonLib.java:51)
at com.Vippon.Lead.CreateLeadTest.Lead(CreateLeadTest.java:28)
at java.util.ArrayList.forEach(ArrayList.java:1259)
... Removed 31 stack frames]]>
    </failure>
  </testcase> <!-- Lead -->
</testsuite> <!-- Test -->
